<?xml version="1.0" encoding="UTF-8"?>
<testng-results ignored="0" total="1" passed="1" failed="0" skipped="0">
  <reporter-output>
  </reporter-output>
  <suite started-at="2022-06-29T16:58:21 IST" name="Default suite" finished-at="2022-06-29T16:58:43 IST" duration-ms="22249">
    <groups>
    </groups>
    <test started-at="2022-06-29T16:58:21 IST" name="Default test" finished-at="2022-06-29T16:58:43 IST" duration-ms="22249">
      <class name="awstest.TC_Login">
        <test-method signature="login_Test()[pri:0, instance:awstest.TC_Login@156b88f5]" started-at="2022-06-29T16:58:21 IST" name="login_Test" finished-at="2022-06-29T16:58:43 IST" duration-ms="22182" status="PASS">
          <reporter-output>
          </reporter-output>
        </test-method> <!-- login_Test -->
      </class> <!-- awstest.TC_Login -->
    </test> <!-- Default test -->
  </suite> <!-- Default suite -->
</testng-results>
